ChildrensLearningGames/app/build/outputs/logs/manifest-merger-release-report.txt
-- Merging decision tree log ---
manifest
ADDED from src\main\AndroidManifest.xml:2:1-71:12
	package
		ADDED from src\main\AndroidManifest.xml:4:5-41
		INJECTED from src\main\AndroidManifest.xml
		INJECTED from src\main\AndroidManifest.xml
	android:versionName
		ADDED from src\main\AndroidManifest.xml:6:5-31
		INJECTED from src\main\AndroidManifest.xml
		INJECTED from src\main\AndroidManifest.xml
	android:versionCode
		ADDED from src\main\AndroidManifest.xml:5:5-29
		INJECTED from src\main\AndroidManifest.xml
		INJECTED from src\main\AndroidManifest.xml
	xmlns:android
		ADDED from src\main\AndroidManifest.xml:3:5-63
	android:installLocation
		ADDED from src\main\AndroidManifest.xml:7:5-35
uses-sdk
ADDED from src\main\AndroidManifest.xml:8:5-10:41
	android:targetSdkVersion
		ADDED from src\main\AndroidManifest.xml:10:9-38
		INJECTED from src\main\AndroidManifest.xml
		INJECTED from src\main\AndroidManifest.xml
	android:minSdkVersion
		ADDED from src\main\AndroidManifest.xml:9:9-35
		INJECTED from src\main\AndroidManifest.xml
		INJECTED from src\main\AndroidManifest.xml
uses-permission#android.permission.INTERNET
ADDED from src\main\AndroidManifest.xml:11:5-67
	android:name
		ADDED from src\main\AndroidManifest.xml:11:22-64
application
ADDED from src\main\AndroidManifest.xml:12:5-70:19
	android:label
		ADDED from src\main\AndroidManifest.xml:14:9-41
	android:allowBackup
		ADDED from src\main\AndroidManifest.xml:15:9-35
	android:icon
		ADDED from src\main\AndroidManifest.xml:13:9-38
activity#com.adamcox.guesstheletter.MainActivity
ADDED from src\main\AndroidManifest.xml:16:9-27:20
	android:screenOrientation
		ADDED from src\main\AndroidManifest.xml:17:13-49
	android:label
		ADDED from src\main\AndroidManifest.xml:20:13-45
	android:configChanges
		ADDED from src\main\AndroidManifest.xml:18:13-63
	android:name
		ADDED from src\main\AndroidManifest.xml:19:13-41
intent-filter#android.intent.action.MAIN+android.intent.category.LAUNCHER
ADDED from src\main\AndroidManifest.xml:21:13-26:29
action#android.intent.action.MAIN
ADDED from src\main\AndroidManifest.xml:22:17-23:65
	android:name
		ADDED from src\main\AndroidManifest.xml:23:21-62
category#android.intent.category.LAUNCHER
ADDED from src\main\AndroidManifest.xml:24:17-25:71
	android:name
		ADDED from src\main\AndroidManifest.xml:25:21-68
activity#com.adamcox.guesstheletter.DragNDropActivity
ADDED from src\main\AndroidManifest.xml:28:9-32:20
	android:screenOrientation
		ADDED from src\main\AndroidManifest.xml:29:13-49
	android:configChanges
		ADDED from src\main\AndroidManifest.xml:30:13-63
	android:name
		ADDED from src\main\AndroidManifest.xml:31:13-46
activity#com.adamcox.guesstheletter.LearnTheLettersActivity
ADDED from src\main\AndroidManifest.xml:33:9-35:20
	android:name
		ADDED from src\main\AndroidManifest.xml:34:13-52
activity#com.adamcox.guesstheletter.LearnTheNumbersActivity
ADDED from src\main\AndroidManifest.xml:36:9-38:20
	android:name
		ADDED from src\main\AndroidManifest.xml:37:13-52
activity#com.adamcox.guesstheletter.MathActivity
ADDED from src\main\AndroidManifest.xml:39:9-43:20
	android:screenOrientation
		ADDED from src\main\AndroidManifest.xml:40:13-50
	android:configChanges
		ADDED from src\main\AndroidManifest.xml:41:13-63
	android:name
		ADDED from src\main\AndroidManifest.xml:42:13-41
activity#com.adamcox.guesstheletter.LearnTheShapesActivity
ADDED from src\main\AndroidManifest.xml:44:9-46:20
	android:name
		ADDED from src\main\AndroidManifest.xml:45:13-51
activity#com.adamcox.guesstheletter.LearnTheColorsActivity
ADDED from src\main\AndroidManifest.xml:47:9-49:20
	android:name
		ADDED from src\main\AndroidManifest.xml:48:13-51
activity#com.adamcox.guesstheletter.PictureBookActivity
ADDED from src\main\AndroidManifest.xml:50:9-52:20
	android:name
		ADDED from src\main\AndroidManifest.xml:51:13-48
activity#com.adamcox.guesstheletter.SpellingBeeActivity
ADDED from src\main\AndroidManifest.xml:53:9-55:20
	android:name
		ADDED from src\main\AndroidManifest.xml:54:13-48
activity#com.adamcox.guesstheletter.WhatsTheTimeActivity
ADDED from src\main\AndroidManifest.xml:56:9-60:20
	android:screenOrientation
		ADDED from src\main\AndroidManifest.xml:57:13-49
	android:configChanges
		ADDED from src\main\AndroidManifest.xml:58:13-63
	android:name
		ADDED from src\main\AndroidManifest.xml:59:13-49
activity#com.adamcox.guesstheletter.SmallMediumLargeActivity
ADDED from src\main\AndroidManifest.xml:61:9-63:20
	android:name
		ADDED from src\main\AndroidManifest.xml:62:13-53
activity#com.adamcox.guesstheletter.PushSoundsActivity
ADDED from src\main\AndroidManifest.xml:64:9-66:20
	android:name
		ADDED from src\main\AndroidManifest.xml:65:13-47
activity#com.adamcox.guesstheletter.DrumMachineActivity
ADDED from src\main\AndroidManifest.xml:67:9-69:20
	android:name
		ADDED from src\main\AndroidManifest.xml:68:13-48